<?xml version="1.0" encoding="UTF-8"?>
<!-- Generated by org.testng.reporters.JUnitReportReporter -->
<testsuite hostname="AASHU-DESKTOP1" failures="1" tests="1" name="TestRunner.DemoNG" time="8.722" errors="0" timestamp="2025-03-11T11:36:06 IST" skipped="0">
  <testcase classname="TestRunner.DemoNG" name="runScenario" time="8.722">
    <failure message="expected [Ankit Singh] but found [manda user]" type="java.lang.AssertionError">
      <![CDATA[java.lang.AssertionError: expected [Ankit Singh] but found [manda user]
at org.testng.Assert.fail(Assert.java:111)
at org.testng.Assert.failNotEquals(Assert.java:1578)
at org.testng.Assert.assertEqualsImpl(Assert.java:150)
at org.testng.Assert.assertEquals(Assert.java:132)
at org.testng.Assert.assertEquals(Assert.java:656)
at org.testng.Assert.assertEquals(Assert.java:666)
at StepDefinition.Scenario2.user_verifies_profile_account(Scenario2.java:33)
at ✽.User verifies ProfileAccount(file:///C:/Users/Admin/eclipse-workspace/PageFactoryCode/src/test/resources/Feature/Sample3.feature:9)
]]>
    </failure>
  </testcase> <!-- runScenario -->
</testsuite> <!-- TestRunner.DemoNG -->
