<?xml version="1.0" encoding="UTF-8"?>
<!-- Generated by org.testng.reporters.JUnitXMLReporter -->
<testsuite ignored="0" hostname="AASHU-DESKTOP1" failures="1" tests="1" name="Test" time="9.188" errors="0" timestamp="2025-03-11T11:36:06 IST">
  <testcase classname="io.cucumber.testng.AbstractTestNGCucumberTests" name="runScenario" time="8.722">
    <failure type="java.lang.AssertionError" message="expected [Ankit Singh] but found [manda user]">
      <![CDATA[java.lang.AssertionError: expected [Ankit Singh] but found [manda user]
at StepDefinition.Scenario2.user_verifies_profile_account(Scenario2.java:33)
at ✽.User verifies ProfileAccount(file:///C:/Users/Admin/eclipse-workspace/PageFactoryCode/src/test/resources/Feature/Sample3.feature:9)
... Removed 6 stack frames]]>
    </failure>
  </testcase> <!-- runScenario -->
</testsuite> <!-- Test -->
