<?xml version="1.0" encoding="UTF-8"?>
<!-- Generated by org.testng.reporters.JUnitReportReporter -->
<testsuite hostname="AASHU-DESKTOP1" failures="1" tests="1" name="TestRunner.DemoNG" time="23.451" errors="0" timestamp="2025-03-11T11:23:51 IST" skipped="0">
  <testcase classname="TestRunner.DemoNG" name="runScenario" time="23.451">
    <failure message="expected [Ankit Singh] but found [Heyyy Kumar]" type="java.lang.AssertionError">
      <![CDATA[java.lang.AssertionError: expected [Ankit Singh] but found [Heyyy Kumar]
at org.testng.Assert.fail(Assert.java:99)
at org.testng.Assert.failNotEquals(Assert.java:1037)
at org.testng.Assert.assertEqualsImpl(Assert.java:140)
at org.testng.Assert.assertEquals(Assert.java:122)
at org.testng.Assert.assertEquals(Assert.java:629)
at org.testng.Assert.assertEquals(Assert.java:639)
at StepDefinition.Scenario2.user_verifies_profile_account(Scenario2.java:33)
at ✽.User verifies ProfileAccount(file:///C:/Users/Admin/eclipse-workspace/PageFactoryCode/src/test/resources/Feature/Sample3.feature:9)
]]>
    </failure>
  </testcase> <!-- runScenario -->
  <system-out/>
</testsuite> <!-- TestRunner.DemoNG -->
